<?xml version="1.0" encoding="UTF-8"?>
<!-- Generated by org.testng.reporters.JUnitReportReporter -->
<testsuite hostname="LAPTOP-R5QH59J2" failures="0" tests="1" name="com.ReqestChaining.ChainingTest" time="9.895" errors="0" timestamp="2021-08-01T02:11:11 IST" skipped="0">
  <testcase classname="com.ReqestChaining.ChainingTest" name="chain" time="9.895"/>
  <system-out/>
</testsuite> <!-- com.ReqestChaining.ChainingTest -->
