<?xml version="1.0" encoding="UTF-8"?>
<!-- Generated by org.testng.reporters.JUnitReportReporter -->
<testsuite hostname="LAPTOP-R5QH59J2" failures="0" tests="1" name="com.fourwaystoCreateProjectTest.UsinghashMapTest" time="19.925" errors="0" timestamp="2021-07-30T12:27:17 IST" skipped="0">
  <testcase classname="com.fourwaystoCreateProjectTest.UsinghashMapTest" name="createHashmap" time="19.925"/>
  <system-out/>
</testsuite> <!-- com.fourwaystoCreateProjectTest.UsinghashMapTest -->
