<?xml version="1.0" encoding="UTF-8"?>
<!-- Generated by org.testng.reporters.JUnitReportReporter -->
<testsuite hostname="LAPTOP-R5QH59J2" failures="0" tests="1" name="com.rmgyantra.withBDD.CreateProjectTest" time="7.566" errors="0" timestamp="2021-07-29T20:12:31 IST" skipped="0">
  <testcase classname="com.rmgyantra.withBDD.CreateProjectTest" name="create" time="7.566"/>
  <system-out/>
</testsuite> <!-- com.rmgyantra.withBDD.CreateProjectTest -->
