<?xml version="1.0" encoding="UTF-8"?>
<!-- Generated by org.testng.reporters.JUnitReportReporter -->
<testsuite hostname="LAPTOP-R5QH59J2" failures="0" tests="1" name="com.rmgyantra.withBDD.DeleteProjectTest" time="6.924" errors="0" timestamp="2021-07-29T20:38:25 IST" skipped="0">
  <testcase classname="com.rmgyantra.withBDD.DeleteProjectTest" name="deleteProject" time="6.924"/>
  <system-out/>
</testsuite> <!-- com.rmgyantra.withBDD.DeleteProjectTest -->
