<?xml version="1.0" encoding="UTF-8"?>
<!-- Generated by org.testng.reporters.JUnitReportReporter -->
<testsuite hostname="LAPTOP-R5QH59J2" failures="0" tests="1" name="com.rmgyantra.Assignment.RMG_API_Project_01" time="8.284" errors="0" timestamp="2021-08-01T01:24:06 IST" skipped="0">
  <testcase classname="com.rmgyantra.Assignment.RMG_API_Project_01" name="testcase01" time="8.284"/>
  <system-out/>
</testsuite> <!-- com.rmgyantra.Assignment.RMG_API_Project_01 -->
