<?xml version="1.0" encoding="UTF-8"?>
<!-- Generated by org.testng.reporters.JUnitReportReporter -->
<testsuite hostname="LAPTOP-R5QH59J2" failures="0" tests="1" name="com.rmgyantra.Assignment.API_TC_2" time="10.444" errors="0" timestamp="2021-08-01T01:35:47 IST" skipped="0">
  <testcase classname="com.rmgyantra.Assignment.API_TC_2" name="endtoend2" time="10.444"/>
  <system-out/>
</testsuite> <!-- com.rmgyantra.Assignment.API_TC_2 -->
