<?xml version="1.0" encoding="UTF-8"?>
<!-- Generated by org.testng.reporters.JUnitReportReporter -->
<testsuite hostname="LAPTOP-R5QH59J2" failures="0" tests="1" name="com.reqres_validationTest.Dynamic" time="16.192" errors="0" timestamp="2021-07-31T11:11:20 IST" skipped="0">
  <testcase classname="com.reqres_validationTest.Dynamic" name="dyanmic" time="16.192"/>
  <system-out/>
</testsuite> <!-- com.reqres_validationTest.Dynamic -->
