<?xml version="1.0" encoding="UTF-8"?>
<!-- Generated by org.testng.reporters.JUnitReportReporter -->
<testsuite hostname="LAPTOP-R5QH59J2" failures="0" tests="1" name="com.Authetication.OauthTest" time="8.449" errors="0" timestamp="2021-07-31T21:35:07 IST" skipped="0">
  <testcase classname="com.Authetication.OauthTest" name="oathT2" time="8.449"/>
  <system-out/>
</testsuite> <!-- com.Authetication.OauthTest -->
