<?xml version="1.0" encoding="UTF-8"?>
<!-- Generated by org.testng.reporters.JUnitReportReporter -->
<testsuite hostname="LAPTOP-R5QH59J2" failures="0" tests="1" name="com.ReqestChaining.Verification_wrt_Framework" time="41.768" errors="0" timestamp="2021-08-03T11:23:05 IST" skipped="0">
  <testcase classname="com.ReqestChaining.Verification_wrt_Framework" name="createProject" time="41.768"/>
  <system-out/>
</testsuite> <!-- com.ReqestChaining.Verification_wrt_Framework -->
