<?xml version="1.0" encoding="UTF-8"?>
<!-- Generated by org.testng.reporters.JUnitReportReporter -->
<testsuite hostname="LAPTOP-R5QH59J2" failures="0" tests="1" name="com.rmgyantra_parameterTest.QuerryParamTest" time="35.447" errors="0" timestamp="2021-07-31T12:25:51 IST" skipped="0">
  <testcase classname="com.rmgyantra_parameterTest.QuerryParamTest" name="queeryparam" time="35.447"/>
  <system-out/>
</testsuite> <!-- com.rmgyantra_parameterTest.QuerryParamTest -->
