<?xml version="1.0" encoding="UTF-8"?>
<!-- Generated by org.testng.reporters.JUnitReportReporter -->
<testsuite hostname="LAPTOP-R5QH59J2" failures="0" tests="1" name="com.rmgyantra.Assignment.API_TC_1Test" time="9.723" errors="0" timestamp="2021-08-02T14:09:38 IST" skipped="0">
  <testcase classname="com.rmgyantra.Assignment.API_TC_1Test" name="endtoend" time="9.723"/>
  <system-out/>
</testsuite> <!-- com.rmgyantra.Assignment.API_TC_1Test -->
