<?xml version="1.0" encoding="UTF-8"?>
<!-- Generated by org.testng.reporters.JUnitReportReporter -->
<testsuite hostname="LAPTOP-R5QH59J2" failures="0" tests="1" name="com.rmgyantra.ResponseValidationTest.ValidateDyanmicRspTest" time="11.372" errors="0" timestamp="2021-07-31T09:35:13 IST" skipped="0">
  <testcase classname="com.rmgyantra.ResponseValidationTest.ValidateDyanmicRspTest" name="dynamicResponse" time="11.372"/>
  <system-out/>
</testsuite> <!-- com.rmgyantra.ResponseValidationTest.ValidateDyanmicRspTest -->
