<?xml version="1.0" encoding="UTF-8"?>
<!-- Generated by org.testng.reporters.JUnitReportReporter -->
<testsuite hostname="LAPTOP-R5QH59J2" failures="0" tests="1" name="com.rmgyantra_without_BDDTest.CompleteUpdateTest" time="6.612" errors="0" timestamp="2021-07-29T21:26:00 IST" skipped="0">
  <testcase classname="com.rmgyantra_without_BDDTest.CompleteUpdateTest" name="updateproject" time="6.612"/>
  <system-out/>
</testsuite> <!-- com.rmgyantra_without_BDDTest.CompleteUpdateTest -->
