<?xml version="1.0" encoding="UTF-8"?>
<!-- Generated by org.testng.reporters.JUnitReportReporter -->
<testsuite hostname="LAPTOP-R5QH59J2" failures="0" tests="1" name="com.reqres_validationTest.GetprojectsTest" time="8.161" errors="0" timestamp="2021-07-31T09:29:11 IST" skipped="0">
  <testcase classname="com.reqres_validationTest.GetprojectsTest" name="getProjects" time="8.161"/>
  <system-out/>
</testsuite> <!-- com.reqres_validationTest.GetprojectsTest -->
