<?xml version="1.0" encoding="UTF-8"?>
<!-- Generated by org.testng.reporters.JUnitReportReporter -->
<testsuite hostname="LAPTOP-R5QH59J2" failures="0" tests="1" name="com.fourwaystoCreateProjectTest.UsingprojoLibTest" time="20.573" errors="0" timestamp="2021-07-30T13:35:39 IST" skipped="0">
  <testcase classname="com.fourwaystoCreateProjectTest.UsingprojoLibTest" name="createpojo" time="20.573"/>
  <system-out/>
</testsuite> <!-- com.fourwaystoCreateProjectTest.UsingprojoLibTest -->
