<?xml version="1.0" encoding="UTF-8"?>
<!-- Generated by org.testng.reporters.JUnitReportReporter -->
<testsuite hostname="LAPTOP-R5QH59J2" failures="0" tests="1" name="com.reqres_validationTest.Adg" time="12.221" errors="0" timestamp="2021-07-31T11:49:39 IST" skipped="0">
  <testcase classname="com.reqres_validationTest.Adg" name="getProjects" time="12.221"/>
  <system-out/>
</testsuite> <!-- com.reqres_validationTest.Adg -->
