<?xml version="1.0" encoding="UTF-8"?>
<!-- Generated by org.testng.reporters.JUnitReportReporter -->
<testsuite hostname="LAPTOP-R5QH59J2" failures="0" tests="1" name="com.reqres_validationTest.Reqres_ValidateDynamicResponse" time="18.944" errors="0" timestamp="2021-07-31T11:12:32 IST" skipped="0">
  <testcase classname="com.reqres_validationTest.Reqres_ValidateDynamicResponse" name="req_dynamicResponse" time="18.944"/>
  <system-out/>
</testsuite> <!-- com.reqres_validationTest.Reqres_ValidateDynamicResponse -->
