<?xml version="1.0" encoding="UTF-8"?>
<!-- Generated by org.testng.reporters.JUnitReportReporter -->
<testsuite hostname="LAPTOP-R5QH59J2" failures="0" tests="1" name="fourwaystoCreateProjectTest.UsinghashMap" time="7.768" errors="0" timestamp="2021-07-29T21:17:15 IST" skipped="0">
  <testcase classname="fourwaystoCreateProjectTest.UsinghashMap" name="createHashmap" time="7.768"/>
  <system-out/>
</testsuite> <!-- fourwaystoCreateProjectTest.UsinghashMap -->
