<?xml version="1.0" encoding="UTF-8"?>
<!-- Generated by org.testng.reporters.JUnitReportReporter -->
<testsuite hostname="LAPTOP-R5QH59J2" failures="0" tests="1" name="com.Authetication.BasicAuthTest" time="7.883" errors="0" timestamp="2021-08-01T02:12:08 IST" skipped="0">
  <testcase classname="com.Authetication.BasicAuthTest" name="basic" time="7.883"/>
  <system-out/>
</testsuite> <!-- com.Authetication.BasicAuthTest -->
