<?xml version="1.0" encoding="UTF-8"?>
<!-- Generated by org.testng.reporters.JUnitReportReporter -->
<testsuite hostname="LAPTOP-R5QH59J2" failures="0" tests="1" name="com.practiceTest.HashMapPracticeTest" time="8.444" errors="0" timestamp="2021-07-30T10:07:25 IST" skipped="0">
  <testcase classname="com.practiceTest.HashMapPracticeTest" name="createHashmap" time="8.444"/>
  <system-out/>
</testsuite> <!-- com.practiceTest.HashMapPracticeTest -->
