<?xml version="1.0" encoding="UTF-8"?>
<!-- Generated by org.testng.reporters.JUnitReportReporter -->
<testsuite hostname="LAPTOP-R5QH59J2" failures="0" tests="1" name="com.ReqestChaining.Verification_wrt_Database" time="11.551" errors="0" timestamp="2021-08-02T13:49:34 IST" skipped="0">
  <testcase classname="com.ReqestChaining.Verification_wrt_Database" name="createpojo" time="11.551"/>
  <system-out/>
</testsuite> <!-- com.ReqestChaining.Verification_wrt_Database -->
