<?xml version="1.0" encoding="UTF-8"?>
<!-- Generated by org.testng.reporters.JUnitReportReporter -->
<testsuite hostname="LAPTOP-R5QH59J2" failures="0" tests="1" name="fourwaystoCreateProjectTest.UsingJsonFileTest" time="6.166" errors="0" timestamp="2021-07-29T21:16:39 IST" skipped="0">
  <testcase classname="fourwaystoCreateProjectTest.UsingJsonFileTest" name="usingJson" time="6.166"/>
  <system-out/>
</testsuite> <!-- fourwaystoCreateProjectTest.UsingJsonFileTest -->
