<?xml version="1.0" encoding="UTF-8"?>
<!-- Generated by org.testng.reporters.JUnitReportReporter -->
<testsuite hostname="LAPTOP-R5QH59J2" failures="0" tests="1" name="com.rmgyantra.Assignment.API_TC_1" time="11.449" errors="0" timestamp="2021-08-01T01:44:33 IST" skipped="0">
  <testcase classname="com.rmgyantra.Assignment.API_TC_1" name="endtoend" time="11.449"/>
  <system-out/>
</testsuite> <!-- com.rmgyantra.Assignment.API_TC_1 -->
