<?xml version="1.0" encoding="UTF-8"?>
<!-- Generated by org.testng.reporters.JUnitReportReporter -->
<testsuite hostname="LAPTOP-R5QH59J2" failures="0" tests="1" name="com.rmgyantra.ResponseValidationTest.ValidateStaticRespTest" time="25.620" errors="0" timestamp="2021-07-30T17:47:19 IST" skipped="0">
  <testcase classname="com.rmgyantra.ResponseValidationTest.ValidateStaticRespTest" name="staticresp" time="25.620"/>
  <system-out/>
</testsuite> <!-- com.rmgyantra.ResponseValidationTest.ValidateStaticRespTest -->
