<?xml version="1.0" encoding="UTF-8"?>
<!-- Generated by org.testng.reporters.JUnitReportReporter -->
<testsuite hostname="LAPTOP-R5QH59J2" failures="0" tests="3" name="com.rmgyantra.ResponseValidationTest.CreateUsingMultipleDataTest" time="27.322" errors="0" timestamp="2021-07-30T17:19:20 IST" skipped="0">
  <testcase classname="com.rmgyantra.ResponseValidationTest.CreateUsingMultipleDataTest" name="createProject" time="25.863"/>
  <system-out/>
  <testcase classname="com.rmgyantra.ResponseValidationTest.CreateUsingMultipleDataTest" name="createProject" time="1.128"/>
  <system-out/>
  <testcase classname="com.rmgyantra.ResponseValidationTest.CreateUsingMultipleDataTest" name="createProject" time="0.331"/>
  <system-out/>
</testsuite> <!-- com.rmgyantra.ResponseValidationTest.CreateUsingMultipleDataTest -->
