<?xml version="1.0" encoding="UTF-8"?>
<!-- Generated by org.testng.reporters.JUnitReportReporter -->
<testsuite hostname="LAPTOP-R5QH59J2" failures="0" tests="1" name="com.rmgyantra.withBDD.CompleteupdateTest" time="6.506" errors="0" timestamp="2021-07-29T20:18:33 IST" skipped="0">
  <testcase classname="com.rmgyantra.withBDD.CompleteupdateTest" name="update" time="6.506"/>
  <system-out/>
</testsuite> <!-- com.rmgyantra.withBDD.CompleteupdateTest -->
