<?xml version="1.0" encoding="UTF-8"?>
<!-- Generated by org.testng.reporters.JUnitReportReporter -->
<testsuite hostname="LAPTOP-R5QH59J2" failures="0" tests="1" name="com.rmgyantra.withBDD.GetProjectsTest" time="17.570" errors="0" timestamp="2021-07-30T17:42:38 IST" skipped="0">
  <testcase classname="com.rmgyantra.withBDD.GetProjectsTest" name="getProjects" time="17.570"/>
  <system-out/>
</testsuite> <!-- com.rmgyantra.withBDD.GetProjectsTest -->
