<?xml version="1.0" encoding="UTF-8"?>
<!-- Generated by org.testng.reporters.JUnitReportReporter -->
<testsuite hostname="LAPTOP-R5QH59J2" failures="0" tests="2" name="com.Authetication.Preemptive_digestiveTest" time="7.688" errors="0" timestamp="2021-08-01T02:10:45 IST" skipped="0">
  <testcase classname="com.Authetication.Preemptive_digestiveTest" name="digestiveAuth" time="7.317"/>
  <system-out/>
  <testcase classname="com.Authetication.Preemptive_digestiveTest" name="preemtiveAuth" time="0.371"/>
  <system-out/>
</testsuite> <!-- com.Authetication.Preemptive_digestiveTest -->
