<?xml version="1.0" encoding="UTF-8"?>
<!-- Generated by org.testng.reporters.JUnitReportReporter -->
<testsuite hostname="LAPTOP-R5QH59J2" failures="0" tests="1" name="getAllProject_without_BDD.GetallProjects" time="13.505" errors="0" timestamp="2021-07-29T19:15:43 IST" skipped="0">
  <testcase classname="getAllProject_without_BDD.GetallProjects" name="getProjects" time="13.505"/>
  <system-out/>
</testsuite> <!-- getAllProject_without_BDD.GetallProjects -->
