<?xml version="1.0" encoding="UTF-8"?>
<!-- Generated by org.testng.reporters.JUnitReportReporter -->
<testsuite hostname="LAPTOP-R5QH59J2" failures="0" tests="1" name="com.rmgyantra_without_BDDTest.GetallProjectsTest" time="12.198" errors="0" timestamp="2021-07-31T11:48:05 IST" skipped="0">
  <testcase classname="com.rmgyantra_without_BDDTest.GetallProjectsTest" name="getProjects" time="12.198"/>
  <system-out/>
</testsuite> <!-- com.rmgyantra_without_BDDTest.GetallProjectsTest -->
