<?xml version="1.0" encoding="UTF-8"?>
<!-- Generated by org.testng.reporters.JUnitReportReporter -->
<testsuite hostname="LAPTOP-R5QH59J2" failures="0" tests="1" name="fourwaystoCreateProjectTest.CreateProjectTest" time="7.118" errors="0" timestamp="2021-07-29T21:24:48 IST" skipped="0">
  <testcase classname="fourwaystoCreateProjectTest.CreateProjectTest" name="create" time="7.118"/>
  <system-out/>
</testsuite> <!-- fourwaystoCreateProjectTest.CreateProjectTest -->
